Arguments: 
  /usr/local/bin/node /usr/local/bin/yarn add vue-cli-service

PATH: 
  /usr/local/bin:/usr/bin:/bin:/usr/sbin:/sbin:/opt/X11/bin:/Library/TeX/texbin:/Users/lorialex/.rvm/bin

Yarn version: 
  1.9.4

Node version: 
  11.2.0

Platform: 
  darwin x64

Trace: 
  Error: https://registry.npmjs.org/vue-cli-service: Not found
      at Request.params.callback [as _callback] (/usr/local/lib/node_modules/yarn/lib/cli.js:64202:18)
      at Request.self.callback (/usr/local/lib/node_modules/yarn/lib/cli.js:137468:22)
      at Request.emit (events.js:182:13)
      at Request.<anonymous> (/usr/local/lib/node_modules/yarn/lib/cli.js:138440:10)
      at Request.emit (events.js:182:13)
      at IncomingMessage.<anonymous> (/usr/local/lib/node_modules/yarn/lib/cli.js:138362:12)
      at Object.onceWrapper (events.js:273:13)
      at IncomingMessage.emit (events.js:187:15)
      at endReadableNT (_stream_readable.js:1098:12)
      at process.internalTickCallback (internal/process/next_tick.js:72:19)

npm manifest: 
  {
    "name": "vue",
    "version": "0.1.0",
    "private": false,
    "scripts": {
      "start": "vue-cli-service serve",
      "serve": "vue-cli-service serve",
      "build": "vue-cli-service build",
      "lint": "vue-cli-service lint"
    },
    "dependencies": {
      "core-js": "^3.3.2",
      "element-ui": "^2.12.0",
      "vue": "^2.6.10",
      "vue-router": "^3.1.3",
      "vuex": "^3.0.1"
    },
    "devDependencies": {
      "@vue/cli-plugin-babel": "^4.0.0",
      "@vue/cli-plugin-eslint": "^4.0.0",
      "@vue/cli-service": "^4.0.0",
      "@vue/eslint-config-prettier": "^5.0.0",
      "babel-eslint": "^10.0.3",
      "eslint": "^5.16.0",
      "eslint-plugin-prettier": "^3.1.1",
      "eslint-plugin-vue": "^5.0.0",
      "prettier": "^1.18.2",
      "vue-template-compiler": "^2.6.10"
    }
  }

yarn manifest: 
  No manifest

Lockfile: 
  No lockfile
